<?xml version="1.0" encoding="UTF-8"?>
<robot generator="Robot 3.1.2 (Python 3.8.0 on win32)" generated="20191213 23:05:41.918" rpa="false">
<suite id="s1" name="Cgttc" source="D:\workfile\Git\cgtapi\cgttc">
<suite id="s1-s1" name="Data-空白数据" source="D:\workfile\Git\cgtapi\cgttc\data-空白数据">
<suite id="s1-s1-s1" name="子商户" source="D:\workfile\Git\cgtapi\cgttc\data-空白数据\子商户">
<suite id="s1-s1-s1-s1" name="子商户修改" source="D:\workfile\Git\cgtapi\cgttc\data-空白数据\子商户\子商户修改.robot">
<test id="s1-s1-s1-s1-t1" name="校验子商户账号名称 - tc00021">
<kw name="Check Mch Accnt Name" library="pylib.interface.cgt.MchsubEditLib">
<assign>
<var>${result}</var>
</assign>
<msg timestamp="20191213 23:05:42.168" level="INFO">{'biz_content': {'link_name': 'yxj', 'mch_accnt_no': 'T0020191121104442000000'}, 'biz_type': 'mchsub.edit', 'code': '0000', 'mch_no': 'MH20181229115220NBUu', 'message': 'success', 'out_trans_no': 'otn20191213230542', 'sign_type': 'MD5', 'timestamp': '20191213110559'}</msg>
<msg timestamp="20191213 23:05:42.168" level="INFO">${result} = {'biz_content': {'link_name': 'yxj', 'mch_accnt_no': 'T0020191121104442000000'}, 'biz_type': 'mchsub.edit', 'code': '0000', 'mch_no': 'MH20181229115220NBUu', 'message': 'success', 'out_trans_no': 'otn...</msg>
<status status="PASS" starttime="20191213 23:05:42.099" endtime="20191213 23:05:42.168"></status>
</kw>
<kw name="Should Be True" library="BuiltIn">
<doc>Fails if the given condition is not true.</doc>
<arguments>
<arg>$result['code']=='0000'</arg>
</arguments>
<status status="PASS" starttime="20191213 23:05:42.169" endtime="20191213 23:05:42.172"></status>
</kw>
<kw name="Should Be True" library="BuiltIn">
<doc>Fails if the given condition is not true.</doc>
<arguments>
<arg>$result['message']=='success'</arg>
</arguments>
<status status="PASS" starttime="20191213 23:05:42.172" endtime="20191213 23:05:42.172"></status>
</kw>
<status status="PASS" starttime="20191213 23:05:42.098" endtime="20191213 23:05:42.173" critical="yes"></status>
</test>
<test id="s1-s1-s1-s1-t2" name="校验外部子商户号 - tc00022">
<kw name="Sleep" library="BuiltIn">
<doc>Pauses the test executed for the given time.</doc>
<arguments>
<arg>1s</arg>
</arguments>
<msg timestamp="20191213 23:05:43.176" level="INFO">Slept 1 second</msg>
<status status="PASS" starttime="20191213 23:05:42.175" endtime="20191213 23:05:43.176"></status>
</kw>
<kw name="Check Out Mch Accnt No" library="pylib.interface.cgt.MchsubEditLib">
<assign>
<var>${result}</var>
</assign>
<msg timestamp="20191213 23:05:43.215" level="INFO">{'biz_content': {'link_name': 'yxj', 'mch_accnt_no': 'T0020191121104442000000'}, 'biz_type': 'mchsub.edit', 'code': '0000', 'mch_no': 'MH20181229115220NBUu', 'message': 'success', 'out_trans_no': 'otn20191213230543', 'sign_type': 'MD5', 'timestamp': '20191213110600'}</msg>
<msg timestamp="20191213 23:05:43.215" level="INFO">${result} = {'biz_content': {'link_name': 'yxj', 'mch_accnt_no': 'T0020191121104442000000'}, 'biz_type': 'mchsub.edit', 'code': '0000', 'mch_no': 'MH20181229115220NBUu', 'message': 'success', 'out_trans_no': 'otn...</msg>
<status status="PASS" starttime="20191213 23:05:43.177" endtime="20191213 23:05:43.215"></status>
</kw>
<kw name="Should Be True" library="BuiltIn">
<doc>Fails if the given condition is not true.</doc>
<arguments>
<arg>$result['code']=='0000'</arg>
</arguments>
<status status="PASS" starttime="20191213 23:05:43.215" endtime="20191213 23:05:43.216"></status>
</kw>
<kw name="Should Be True" library="BuiltIn">
<doc>Fails if the given condition is not true.</doc>
<arguments>
<arg>$result['message']=='success'</arg>
</arguments>
<status status="PASS" starttime="20191213 23:05:43.216" endtime="20191213 23:05:43.216"></status>
</kw>
<status status="PASS" starttime="20191213 23:05:42.174" endtime="20191213 23:05:43.217" critical="yes"></status>
</test>
<test id="s1-s1-s1-s1-t3" name="校验子商户账号号 - tc00023">
<kw name="Check Mch Accnt No" library="pylib.interface.cgt.MchsubEditLib">
<assign>
<var>${result}</var>
</assign>
<msg timestamp="20191213 23:05:43.235" level="INFO">{'biz_type': 'mchsub.edit', 'code': '101', 'mch_no': 'MH20181229115220NBUu', 'message': '必输参数不能为空:{子商户号}', 'sign_type': 'MD5', 'timestamp': '20191213110600'}</msg>
<msg timestamp="20191213 23:05:43.235" level="INFO">${result} = {'biz_type': 'mchsub.edit', 'code': '101', 'mch_no': 'MH20181229115220NBUu', 'message': '必输参数不能为空:{子商户号}', 'sign_type': 'MD5', 'timestamp': '20191213110600'}</msg>
<status status="PASS" starttime="20191213 23:05:43.218" endtime="20191213 23:05:43.235"></status>
</kw>
<kw name="Should Be True" library="BuiltIn">
<doc>Fails if the given condition is not true.</doc>
<arguments>
<arg>$result['code']=='101'</arg>
</arguments>
<status status="PASS" starttime="20191213 23:05:43.236" endtime="20191213 23:05:43.236"></status>
</kw>
<kw name="Should Be True" library="BuiltIn">
<doc>Fails if the given condition is not true.</doc>
<arguments>
<arg>$result['message']=='必输参数不能为空:{子商户号}'</arg>
</arguments>
<status status="PASS" starttime="20191213 23:05:43.236" endtime="20191213 23:05:43.237"></status>
</kw>
<status status="PASS" starttime="20191213 23:05:43.217" endtime="20191213 23:05:43.237" critical="yes"></status>
</test>
<test id="s1-s1-s1-s1-t4" name="校验订单号 - tc00024">
<kw name="Check Order No" library="pylib.interface.cgt.MchsubEditLib">
<assign>
<var>${result}</var>
</assign>
<msg timestamp="20191213 23:05:43.271" level="INFO">{'biz_type': 'mchsub.edit', 'code': '101', 'mch_no': 'MH20181229115220NBUu', 'message': '必输参数不能为空:{订单号}', 'sign_type': 'MD5', 'timestamp': '20191213110600'}</msg>
<msg timestamp="20191213 23:05:43.272" level="INFO">${result} = {'biz_type': 'mchsub.edit', 'code': '101', 'mch_no': 'MH20181229115220NBUu', 'message': '必输参数不能为空:{订单号}', 'sign_type': 'MD5', 'timestamp': '20191213110600'}</msg>
<status status="PASS" starttime="20191213 23:05:43.240" endtime="20191213 23:05:43.272"></status>
</kw>
<kw name="Should Be True" library="BuiltIn">
<doc>Fails if the given condition is not true.</doc>
<arguments>
<arg>$result['code']=='101'</arg>
</arguments>
<status status="PASS" starttime="20191213 23:05:43.272" endtime="20191213 23:05:43.273"></status>
</kw>
<kw name="Should Be True" library="BuiltIn">
<doc>Fails if the given condition is not true.</doc>
<arguments>
<arg>$result['message']=='必输参数不能为空:{订单号}'</arg>
</arguments>
<status status="PASS" starttime="20191213 23:05:43.273" endtime="20191213 23:05:43.273"></status>
</kw>
<status status="PASS" starttime="20191213 23:05:43.238" endtime="20191213 23:05:43.274" critical="yes"></status>
</test>
<test id="s1-s1-s1-s1-t5" name="校验联系人姓名 - tc00025">
<kw name="Check Link Name" library="pylib.interface.cgt.MchsubEditLib">
<assign>
<var>${result}</var>
</assign>
<msg timestamp="20191213 23:05:43.301" level="INFO">{'biz_type': 'mchsub.edit', 'code': '101', 'mch_no': 'MH20181229115220NBUu', 'message': '必输参数不能为空:{联系人}', 'sign_type': 'MD5', 'timestamp': '20191213110600'}</msg>
<msg timestamp="20191213 23:05:43.301" level="INFO">${result} = {'biz_type': 'mchsub.edit', 'code': '101', 'mch_no': 'MH20181229115220NBUu', 'message': '必输参数不能为空:{联系人}', 'sign_type': 'MD5', 'timestamp': '20191213110600'}</msg>
<status status="PASS" starttime="20191213 23:05:43.275" endtime="20191213 23:05:43.301"></status>
</kw>
<kw name="Should Be True" library="BuiltIn">
<doc>Fails if the given condition is not true.</doc>
<arguments>
<arg>$result['code']=='101'</arg>
</arguments>
<status status="PASS" starttime="20191213 23:05:43.301" endtime="20191213 23:05:43.302"></status>
</kw>
<kw name="Should Be True" library="BuiltIn">
<doc>Fails if the given condition is not true.</doc>
<arguments>
<arg>$result['message']=='必输参数不能为空:{联系人}'</arg>
</arguments>
<status status="PASS" starttime="20191213 23:05:43.302" endtime="20191213 23:05:43.303"></status>
</kw>
<status status="PASS" starttime="20191213 23:05:43.274" endtime="20191213 23:05:43.303" critical="yes"></status>
</test>
<test id="s1-s1-s1-s1-t6" name="校验联系人姓名 - tc00026">
<kw name="Check Link Phone" library="pylib.interface.cgt.MchsubEditLib">
<assign>
<var>${result}</var>
</assign>
<msg timestamp="20191213 23:05:43.335" level="INFO">{'biz_type': 'mchsub.edit', 'code': '101', 'mch_no': 'MH20181229115220NBUu', 'message': '必输参数不能为空:{联系电话}', 'sign_type': 'MD5', 'timestamp': '20191213110600'}</msg>
<msg timestamp="20191213 23:05:43.335" level="INFO">${result} = {'biz_type': 'mchsub.edit', 'code': '101', 'mch_no': 'MH20181229115220NBUu', 'message': '必输参数不能为空:{联系电话}', 'sign_type': 'MD5', 'timestamp': '20191213110600'}</msg>
<status status="PASS" starttime="20191213 23:05:43.305" endtime="20191213 23:05:43.335"></status>
</kw>
<kw name="Should Be True" library="BuiltIn">
<doc>Fails if the given condition is not true.</doc>
<arguments>
<arg>$result['code']=='101'</arg>
</arguments>
<status status="PASS" starttime="20191213 23:05:43.335" endtime="20191213 23:05:43.336"></status>
</kw>
<kw name="Should Be True" library="BuiltIn">
<doc>Fails if the given condition is not true.</doc>
<arguments>
<arg>$result['message']=='必输参数不能为空:{联系电话}'</arg>
</arguments>
<status status="PASS" starttime="20191213 23:05:43.336" endtime="20191213 23:05:43.336"></status>
</kw>
<status status="PASS" starttime="20191213 23:05:43.304" endtime="20191213 23:05:43.337" critical="yes"></status>
</test>
<test id="s1-s1-s1-s1-t7" name="校验联系人姓名 - tc00027">
<kw name="Sleep" library="BuiltIn">
<doc>Pauses the test executed for the given time.</doc>
<arguments>
<arg>1s</arg>
</arguments>
<msg timestamp="20191213 23:05:44.340" level="INFO">Slept 1 second</msg>
<status status="PASS" starttime="20191213 23:05:43.338" endtime="20191213 23:05:44.340"></status>
</kw>
<kw name="Check Link Email" library="pylib.interface.cgt.MchsubEditLib">
<assign>
<var>${result}</var>
</assign>
<msg timestamp="20191213 23:05:44.379" level="INFO">{'biz_content': {'link_name': 'yxj', 'mch_accnt_no': 'T0020191121104442000000'}, 'biz_type': 'mchsub.edit', 'code': '0000', 'mch_no': 'MH20181229115220NBUu', 'message': 'success', 'out_trans_no': 'otn20191213230544', 'sign_type': 'MD5', 'timestamp': '20191213110601'}</msg>
<msg timestamp="20191213 23:05:44.379" level="INFO">${result} = {'biz_content': {'link_name': 'yxj', 'mch_accnt_no': 'T0020191121104442000000'}, 'biz_type': 'mchsub.edit', 'code': '0000', 'mch_no': 'MH20181229115220NBUu', 'message': 'success', 'out_trans_no': 'otn...</msg>
<status status="PASS" starttime="20191213 23:05:44.340" endtime="20191213 23:05:44.379"></status>
</kw>
<kw name="Should Be True" library="BuiltIn">
<doc>Fails if the given condition is not true.</doc>
<arguments>
<arg>$result['code']=='0000'</arg>
</arguments>
<status status="PASS" starttime="20191213 23:05:44.380" endtime="20191213 23:05:44.380"></status>
</kw>
<kw name="Should Be True" library="BuiltIn">
<doc>Fails if the given condition is not true.</doc>
<arguments>
<arg>$result['message']=='success'</arg>
</arguments>
<status status="PASS" starttime="20191213 23:05:44.381" endtime="20191213 23:05:44.381"></status>
</kw>
<status status="PASS" starttime="20191213 23:05:43.337" endtime="20191213 23:05:44.382" critical="yes"></status>
</test>
<test id="s1-s1-s1-s1-t8" name="再次修改(修改成功后) - tc00028">
<kw name="Sleep" library="BuiltIn">
<doc>Pauses the test executed for the given time.</doc>
<arguments>
<arg>1s</arg>
</arguments>
<msg timestamp="20191213 23:05:45.386" level="INFO">Slept 1 second</msg>
<status status="PASS" starttime="20191213 23:05:44.384" endtime="20191213 23:05:45.386"></status>
</kw>
<kw name="Get Response Mchsub Edit" library="pylib.interface.cgt.MchsubEditLib">
<arguments>
<arg>yxj2</arg>
<arg>T0020191121104442000000</arg>
<arg>13989353206</arg>
<arg>xianjyu@qq.com</arg>
</arguments>
<assign>
<var>${result}</var>
</assign>
<msg timestamp="20191213 23:05:45.430" level="INFO">{'biz_content': {'link_name': '13989353206', 'mch_accnt_no': 'T0020191121104442000000'}, 'biz_type': 'mchsub.edit', 'code': '0000', 'mch_no': 'MH20181229115220NBUu', 'message': 'success', 'out_trans_no': 'otn20191213230545', 'sign_type': 'MD5', 'timestamp': '20191213110602'}</msg>
<msg timestamp="20191213 23:05:45.430" level="INFO">${result} = {'biz_content': {'link_name': '13989353206', 'mch_accnt_no': 'T0020191121104442000000'}, 'biz_type': 'mchsub.edit', 'code': '0000', 'mch_no': 'MH20181229115220NBUu', 'message': 'success', 'out_trans_n...</msg>
<status status="PASS" starttime="20191213 23:05:45.387" endtime="20191213 23:05:45.430"></status>
</kw>
<kw name="Should Be True" library="BuiltIn">
<doc>Fails if the given condition is not true.</doc>
<arguments>
<arg>$result['code']=='0000'</arg>
</arguments>
<status status="PASS" starttime="20191213 23:05:45.430" endtime="20191213 23:05:45.431"></status>
</kw>
<kw name="Should Be True" library="BuiltIn">
<doc>Fails if the given condition is not true.</doc>
<arguments>
<arg>$result['message']=='success'</arg>
</arguments>
<status status="PASS" starttime="20191213 23:05:45.431" endtime="20191213 23:05:45.431"></status>
</kw>
<kw name="Get Response Mchsub Edit" library="pylib.interface.cgt.MchsubEditLib">
<arguments>
<arg>yxj2</arg>
<arg>T0020191121104442000000</arg>
<arg>3989353206</arg>
<arg>xianjyu@qq.com</arg>
</arguments>
<assign>
<var>${result}</var>
</assign>
<msg timestamp="20191213 23:05:45.456" level="INFO">{'biz_content': {'link_name': '13989353206', 'mch_accnt_no': 'T0020191121104442000000'}, 'biz_type': 'mchsub.edit', 'code': '305', 'mch_no': 'MH20181229115220NBUu', 'message': '订单号重复，请勿重复提交', 'out_trans_no': 'otn20191213230545', 'sign_type': 'MD5', 'timestamp': '20191213110602'}</msg>
<msg timestamp="20191213 23:05:45.456" level="INFO">${result} = {'biz_content': {'link_name': '13989353206', 'mch_accnt_no': 'T0020191121104442000000'}, 'biz_type': 'mchsub.edit', 'code': '305', 'mch_no': 'MH20181229115220NBUu', 'message': '订单号重复，请勿重复提交', 'out_tra...</msg>
<status status="PASS" starttime="20191213 23:05:45.431" endtime="20191213 23:05:45.456"></status>
</kw>
<kw name="Should Be True" library="BuiltIn">
<doc>Fails if the given condition is not true.</doc>
<arguments>
<arg>$result['code']=='305'</arg>
</arguments>
<status status="PASS" starttime="20191213 23:05:45.456" endtime="20191213 23:05:45.457"></status>
</kw>
<kw name="Should Be True" library="BuiltIn">
<doc>Fails if the given condition is not true.</doc>
<arguments>
<arg>$result['message']=='订单号重复，请勿重复提交'</arg>
</arguments>
<status status="PASS" starttime="20191213 23:05:45.457" endtime="20191213 23:05:45.458"></status>
</kw>
<status status="PASS" starttime="20191213 23:05:44.383" endtime="20191213 23:05:45.458" critical="yes"></status>
</test>
<test id="s1-s1-s1-s1-t9" name="传不存在的子商户账号 - tc00029">
<kw name="Get Response Mchsub Edit" library="pylib.interface.cgt.MchsubEditLib">
<arguments>
<arg>yxj2</arg>
<arg>T0020191213182413000108</arg>
<arg>13989353206</arg>
<arg>xianjyu@qq.com</arg>
</arguments>
<assign>
<var>${result}</var>
</assign>
<msg timestamp="20191213 23:05:45.479" level="INFO">{'biz_type': 'mchsub.edit', 'code': '203', 'mch_no': 'MH20181229115220NBUu', 'message': '子商户账号不存在', 'sign_type': 'MD5', 'timestamp': '20191213110602'}</msg>
<msg timestamp="20191213 23:05:45.480" level="INFO">${result} = {'biz_type': 'mchsub.edit', 'code': '203', 'mch_no': 'MH20181229115220NBUu', 'message': '子商户账号不存在', 'sign_type': 'MD5', 'timestamp': '20191213110602'}</msg>
<status status="PASS" starttime="20191213 23:05:45.460" endtime="20191213 23:05:45.480"></status>
</kw>
<kw name="Should Be True" library="BuiltIn">
<doc>Fails if the given condition is not true.</doc>
<arguments>
<arg>$result['code']=='203'</arg>
</arguments>
<status status="PASS" starttime="20191213 23:05:45.480" endtime="20191213 23:05:45.481"></status>
</kw>
<kw name="Should Be True" library="BuiltIn">
<doc>Fails if the given condition is not true.</doc>
<arguments>
<arg>$result['message']=='子商户账号不存在'</arg>
</arguments>
<status status="PASS" starttime="20191213 23:05:45.481" endtime="20191213 23:05:45.481"></status>
</kw>
<status status="PASS" starttime="20191213 23:05:45.459" endtime="20191213 23:05:45.481" critical="yes"></status>
</test>
<test id="s1-s1-s1-s1-t10" name="传不存在的子商户账号 - tc00030">
<kw name="Get Response Mchsub Edit" library="pylib.interface.cgt.MchsubEditLib">
<arguments>
<arg>yxj2</arg>
<arg>T0020181120112414000007</arg>
<arg>13989353206</arg>
<arg>xianjyu@qq.com</arg>
</arguments>
<assign>
<var>${result}</var>
</assign>
<msg timestamp="20191213 23:05:45.510" level="INFO">{'biz_type': 'mchsub.edit', 'code': '203', 'mch_no': 'MH20181229115220NBUu', 'message': '子商户账号不存在', 'sign_type': 'MD5', 'timestamp': '20191213110602'}</msg>
<msg timestamp="20191213 23:05:45.511" level="INFO">${result} = {'biz_type': 'mchsub.edit', 'code': '203', 'mch_no': 'MH20181229115220NBUu', 'message': '子商户账号不存在', 'sign_type': 'MD5', 'timestamp': '20191213110602'}</msg>
<status status="PASS" starttime="20191213 23:05:45.483" endtime="20191213 23:05:45.511"></status>
</kw>
<kw name="Should Be True" library="BuiltIn">
<doc>Fails if the given condition is not true.</doc>
<arguments>
<arg>$result['code']=='203'</arg>
</arguments>
<status status="PASS" starttime="20191213 23:05:45.512" endtime="20191213 23:05:45.512"></status>
</kw>
<kw name="Should Be True" library="BuiltIn">
<doc>Fails if the given condition is not true.</doc>
<arguments>
<arg>$result['message']=='子商户账号不存在'</arg>
</arguments>
<status status="PASS" starttime="20191213 23:05:45.512" endtime="20191213 23:05:45.513"></status>
</kw>
<status status="PASS" starttime="20191213 23:05:45.482" endtime="20191213 23:05:45.513" critical="yes"></status>
</test>
<test id="s1-s1-s1-s1-t11" name="传相同的外部子商户号 - tc00031">
<kw name="Sleep" library="BuiltIn">
<doc>Pauses the test executed for the given time.</doc>
<arguments>
<arg>1s</arg>
</arguments>
<msg timestamp="20191213 23:05:46.516" level="INFO">Slept 1 second</msg>
<status status="PASS" starttime="20191213 23:05:45.515" endtime="20191213 23:05:46.516"></status>
</kw>
<kw name="Same Out Mch Accnt No" library="pylib.interface.cgt.MchsubEditLib">
<assign>
<var>${result}</var>
</assign>
<msg timestamp="20191213 23:05:46.556" level="INFO">{'biz_content': {'link_name': 'yxj', 'mch_accnt_no': 'T0020191121104442000000'}, 'biz_type': 'mchsub.edit', 'code': '0000', 'mch_no': 'MH20181229115220NBUu', 'message': 'success', 'out_trans_no': 'otn20191213230546', 'sign_type': 'MD5', 'timestamp': '20191213110603'}</msg>
<msg timestamp="20191213 23:05:46.557" level="INFO">${result} = {'biz_content': {'link_name': 'yxj', 'mch_accnt_no': 'T0020191121104442000000'}, 'biz_type': 'mchsub.edit', 'code': '0000', 'mch_no': 'MH20181229115220NBUu', 'message': 'success', 'out_trans_no': 'otn...</msg>
<status status="PASS" starttime="20191213 23:05:46.516" endtime="20191213 23:05:46.557"></status>
</kw>
<kw name="Should Be True" library="BuiltIn">
<doc>Fails if the given condition is not true.</doc>
<arguments>
<arg>$result['code']=='0000'</arg>
</arguments>
<status status="PASS" starttime="20191213 23:05:46.557" endtime="20191213 23:05:46.558"></status>
</kw>
<kw name="Should Be True" library="BuiltIn">
<doc>Fails if the given condition is not true.</doc>
<arguments>
<arg>$result['message']=='success'</arg>
</arguments>
<status status="PASS" starttime="20191213 23:05:46.558" endtime="20191213 23:05:46.559"></status>
</kw>
<kw name="Sleep" library="BuiltIn">
<doc>Pauses the test executed for the given time.</doc>
<arguments>
<arg>1s</arg>
</arguments>
<msg timestamp="20191213 23:05:47.559" level="INFO">Slept 1 second</msg>
<status status="PASS" starttime="20191213 23:05:46.559" endtime="20191213 23:05:47.559"></status>
</kw>
<kw name="Same Out Mch Accnt No" library="pylib.interface.cgt.MchsubEditLib">
<assign>
<var>${result}</var>
</assign>
<msg timestamp="20191213 23:05:47.618" level="INFO">{'biz_content': {'link_name': 'yxj', 'mch_accnt_no': 'T0020191121104442000000'}, 'biz_type': 'mchsub.edit', 'code': '0000', 'mch_no': 'MH20181229115220NBUu', 'message': 'success', 'out_trans_no': 'otn20191213230547', 'sign_type': 'MD5', 'timestamp': '20191213110605'}</msg>
<msg timestamp="20191213 23:05:47.618" level="INFO">${result} = {'biz_content': {'link_name': 'yxj', 'mch_accnt_no': 'T0020191121104442000000'}, 'biz_type': 'mchsub.edit', 'code': '0000', 'mch_no': 'MH20181229115220NBUu', 'message': 'success', 'out_trans_no': 'otn...</msg>
<status status="PASS" starttime="20191213 23:05:47.560" endtime="20191213 23:05:47.618"></status>
</kw>
<kw name="Should Be True" library="BuiltIn">
<doc>Fails if the given condition is not true.</doc>
<arguments>
<arg>$result['code']=='0000'</arg>
</arguments>
<status status="PASS" starttime="20191213 23:05:47.618" endtime="20191213 23:05:47.619"></status>
</kw>
<kw name="Should Be True" library="BuiltIn">
<doc>Fails if the given condition is not true.</doc>
<arguments>
<arg>$result['message']=='success'</arg>
</arguments>
<status status="PASS" starttime="20191213 23:05:47.619" endtime="20191213 23:05:47.620"></status>
</kw>
<status status="PASS" starttime="20191213 23:05:45.513" endtime="20191213 23:05:47.620" critical="yes"></status>
</test>
<test id="s1-s1-s1-s1-t12" name="传不同的外部子商户号 - tc00032">
<kw name="Sleep" library="BuiltIn">
<doc>Pauses the test executed for the given time.</doc>
<arguments>
<arg>1s</arg>
</arguments>
<msg timestamp="20191213 23:05:48.623" level="INFO">Slept 1 second</msg>
<status status="PASS" starttime="20191213 23:05:47.622" endtime="20191213 23:05:48.623"></status>
</kw>
<kw name="Get Response Mchsub Edit" library="pylib.interface.cgt.MchsubEditLib">
<arguments>
<arg>xj2</arg>
<arg>T0020191121104442000000</arg>
<arg>13989353206</arg>
<arg>xianjyu@qq.com</arg>
</arguments>
<assign>
<var>${result}</var>
</assign>
<msg timestamp="20191213 23:05:48.682" level="INFO">{'biz_content': {'link_name': '13989353206', 'mch_accnt_no': 'T0020191121104442000000'}, 'biz_type': 'mchsub.edit', 'code': '0000', 'mch_no': 'MH20181229115220NBUu', 'message': 'success', 'out_trans_no': 'otn20191213230548', 'sign_type': 'MD5', 'timestamp': '20191213110606'}</msg>
<msg timestamp="20191213 23:05:48.682" level="INFO">${result} = {'biz_content': {'link_name': '13989353206', 'mch_accnt_no': 'T0020191121104442000000'}, 'biz_type': 'mchsub.edit', 'code': '0000', 'mch_no': 'MH20181229115220NBUu', 'message': 'success', 'out_trans_n...</msg>
<status status="PASS" starttime="20191213 23:05:48.624" endtime="20191213 23:05:48.682"></status>
</kw>
<kw name="Should Be True" library="BuiltIn">
<doc>Fails if the given condition is not true.</doc>
<arguments>
<arg>$result['code']=='0000'</arg>
</arguments>
<status status="PASS" starttime="20191213 23:05:48.683" endtime="20191213 23:05:48.683"></status>
</kw>
<kw name="Should Be True" library="BuiltIn">
<doc>Fails if the given condition is not true.</doc>
<arguments>
<arg>$result['message']=='success'</arg>
</arguments>
<status status="PASS" starttime="20191213 23:05:48.684" endtime="20191213 23:05:48.684"></status>
</kw>
<kw name="Sleep" library="BuiltIn">
<doc>Pauses the test executed for the given time.</doc>
<arguments>
<arg>1s</arg>
</arguments>
<msg timestamp="20191213 23:05:49.687" level="INFO">Slept 1 second</msg>
<status status="PASS" starttime="20191213 23:05:48.685" endtime="20191213 23:05:49.687"></status>
</kw>
<kw name="Get Response Mchsub Edit" library="pylib.interface.cgt.MchsubEditLib">
<arguments>
<arg>xj2</arg>
<arg>T0020191121104442000000</arg>
<arg>13989353206</arg>
<arg>xianjyu@qq.com</arg>
</arguments>
<assign>
<var>${result}</var>
</assign>
<msg timestamp="20191213 23:05:49.731" level="INFO">{'biz_content': {'link_name': '13989353206', 'mch_accnt_no': 'T0020191121104442000000'}, 'biz_type': 'mchsub.edit', 'code': '0000', 'mch_no': 'MH20181229115220NBUu', 'message': 'success', 'out_trans_no': 'otn20191213230549', 'sign_type': 'MD5', 'timestamp': '20191213110607'}</msg>
<msg timestamp="20191213 23:05:49.732" level="INFO">${result} = {'biz_content': {'link_name': '13989353206', 'mch_accnt_no': 'T0020191121104442000000'}, 'biz_type': 'mchsub.edit', 'code': '0000', 'mch_no': 'MH20181229115220NBUu', 'message': 'success', 'out_trans_n...</msg>
<status status="PASS" starttime="20191213 23:05:49.688" endtime="20191213 23:05:49.732"></status>
</kw>
<kw name="Should Be True" library="BuiltIn">
<doc>Fails if the given condition is not true.</doc>
<arguments>
<arg>$result['code']=='0000'</arg>
</arguments>
<status status="PASS" starttime="20191213 23:05:49.732" endtime="20191213 23:05:49.732"></status>
</kw>
<kw name="Should Be True" library="BuiltIn">
<doc>Fails if the given condition is not true.</doc>
<arguments>
<arg>$result['message']=='success'</arg>
</arguments>
<status status="PASS" starttime="20191213 23:05:49.733" endtime="20191213 23:05:49.733"></status>
</kw>
<status status="PASS" starttime="20191213 23:05:47.621" endtime="20191213 23:05:49.733" critical="yes"></status>
</test>
<test id="s1-s1-s1-s1-t13" name="订单号相同 - tc00033">
<kw name="Sleep" library="BuiltIn">
<doc>Pauses the test executed for the given time.</doc>
<arguments>
<arg>1s</arg>
</arguments>
<msg timestamp="20191213 23:05:50.737" level="INFO">Slept 1 second</msg>
<status status="PASS" starttime="20191213 23:05:49.735" endtime="20191213 23:05:50.737"></status>
</kw>
<kw name="Get Response Mchsub Edit" library="pylib.interface.cgt.MchsubEditLib">
<arguments>
<arg>yxj2</arg>
<arg>T0020191121104442000000</arg>
<arg>13989353206</arg>
<arg>xianjyu@qq.com</arg>
</arguments>
<assign>
<var>${result}</var>
</assign>
<msg timestamp="20191213 23:05:50.775" level="INFO">{'biz_content': {'link_name': '13989353206', 'mch_accnt_no': 'T0020191121104442000000'}, 'biz_type': 'mchsub.edit', 'code': '0000', 'mch_no': 'MH20181229115220NBUu', 'message': 'success', 'out_trans_no': 'otn20191213230550', 'sign_type': 'MD5', 'timestamp': '20191213110608'}</msg>
<msg timestamp="20191213 23:05:50.775" level="INFO">${result} = {'biz_content': {'link_name': '13989353206', 'mch_accnt_no': 'T0020191121104442000000'}, 'biz_type': 'mchsub.edit', 'code': '0000', 'mch_no': 'MH20181229115220NBUu', 'message': 'success', 'out_trans_n...</msg>
<status status="PASS" starttime="20191213 23:05:50.738" endtime="20191213 23:05:50.775"></status>
</kw>
<kw name="Should Be True" library="BuiltIn">
<doc>Fails if the given condition is not true.</doc>
<arguments>
<arg>$result['code']=='0000'</arg>
</arguments>
<status status="PASS" starttime="20191213 23:05:50.776" endtime="20191213 23:05:50.776"></status>
</kw>
<kw name="Should Be True" library="BuiltIn">
<doc>Fails if the given condition is not true.</doc>
<arguments>
<arg>$result['message']=='success'</arg>
</arguments>
<status status="PASS" starttime="20191213 23:05:50.777" endtime="20191213 23:05:50.777"></status>
</kw>
<kw name="Get Response Mchsub Edit" library="pylib.interface.cgt.MchsubEditLib">
<arguments>
<arg>yxj2</arg>
<arg>T0020191121104442000000</arg>
<arg>3989353206</arg>
<arg>xianjyu@qq.com</arg>
</arguments>
<assign>
<var>${result}</var>
</assign>
<msg timestamp="20191213 23:05:50.807" level="INFO">{'biz_content': {'link_name': '13989353206', 'mch_accnt_no': 'T0020191121104442000000'}, 'biz_type': 'mchsub.edit', 'code': '305', 'mch_no': 'MH20181229115220NBUu', 'message': '订单号重复，请勿重复提交', 'out_trans_no': 'otn20191213230550', 'sign_type': 'MD5', 'timestamp': '20191213110608'}</msg>
<msg timestamp="20191213 23:05:50.807" level="INFO">${result} = {'biz_content': {'link_name': '13989353206', 'mch_accnt_no': 'T0020191121104442000000'}, 'biz_type': 'mchsub.edit', 'code': '305', 'mch_no': 'MH20181229115220NBUu', 'message': '订单号重复，请勿重复提交', 'out_tra...</msg>
<status status="PASS" starttime="20191213 23:05:50.777" endtime="20191213 23:05:50.807"></status>
</kw>
<kw name="Should Be True" library="BuiltIn">
<doc>Fails if the given condition is not true.</doc>
<arguments>
<arg>$result['code']=='305'</arg>
</arguments>
<status status="PASS" starttime="20191213 23:05:50.808" endtime="20191213 23:05:50.808"></status>
</kw>
<kw name="Should Be True" library="BuiltIn">
<doc>Fails if the given condition is not true.</doc>
<arguments>
<arg>$result['message']=='订单号重复，请勿重复提交'</arg>
</arguments>
<status status="PASS" starttime="20191213 23:05:50.808" endtime="20191213 23:05:50.809"></status>
</kw>
<status status="PASS" starttime="20191213 23:05:49.734" endtime="20191213 23:05:50.809" critical="yes"></status>
</test>
<status status="PASS" starttime="20191213 23:05:41.940" endtime="20191213 23:05:50.811"></status>
</suite>
<suite id="s1-s1-s1-s2" name="子商户创建" source="D:\workfile\Git\cgtapi\cgttc\data-空白数据\子商户\子商户创建.robot">
<test id="s1-s1-s1-s2-t1" name="校验子商户名称 - tc00001">
<kw name="Check Mch Accnt Name" library="pylib.interface.cgt.MchsubCreateLib">
<assign>
<var>${result}</var>
</assign>
<msg timestamp="20191213 23:05:50.843" level="INFO">{'biz_type': 'mchsub.create', 'code': '101', 'mch_no': 'MH20181229115220NBUu', 'message': '必输参数不能为空:{子商户名称}', 'sign_type': 'MD5', 'timestamp': '20191213110608'}</msg>
<msg timestamp="20191213 23:05:50.843" level="INFO">${result} = {'biz_type': 'mchsub.create', 'code': '101', 'mch_no': 'MH20181229115220NBUu', 'message': '必输参数不能为空:{子商户名称}', 'sign_type': 'MD5', 'timestamp': '20191213110608'}</msg>
<status status="PASS" starttime="20191213 23:05:50.819" endtime="20191213 23:05:50.843"></status>
</kw>
<kw name="Should Be True" library="BuiltIn">
<doc>Fails if the given condition is not true.</doc>
<arguments>
<arg>$result['code']=='101'</arg>
</arguments>
<status status="PASS" starttime="20191213 23:05:50.844" endtime="20191213 23:05:50.844"></status>
</kw>
<kw name="Should Be True" library="BuiltIn">
<doc>Fails if the given condition is not true.</doc>
<arguments>
<arg>$result['message']=='必输参数不能为空:{子商户名称}'</arg>
</arguments>
<status status="PASS" starttime="20191213 23:05:50.845" endtime="20191213 23:05:50.845"></status>
</kw>
<status status="PASS" starttime="20191213 23:05:50.817" endtime="20191213 23:05:50.846" critical="yes"></status>
</test>
<test id="s1-s1-s1-s2-t2" name="校验外部子商户号 - tc00002">
<kw name="Check Out Mch Accnt No" library="pylib.interface.cgt.MchsubCreateLib">
<assign>
<var>${result}</var>
</assign>
<msg timestamp="20191213 23:05:50.873" level="INFO">{'biz_type': 'mchsub.create', 'code': '101', 'mch_no': 'MH20181229115220NBUu', 'message': '必输参数不能为空:{外部子商户号}', 'sign_type': 'MD5', 'timestamp': '20191213110608'}</msg>
<msg timestamp="20191213 23:05:50.873" level="INFO">${result} = {'biz_type': 'mchsub.create', 'code': '101', 'mch_no': 'MH20181229115220NBUu', 'message': '必输参数不能为空:{外部子商户号}', 'sign_type': 'MD5', 'timestamp': '20191213110608'}</msg>
<status status="PASS" starttime="20191213 23:05:50.848" endtime="20191213 23:05:50.873"></status>
</kw>
<kw name="Should Be True" library="BuiltIn">
<doc>Fails if the given condition is not true.</doc>
<arguments>
<arg>$result['code']=='101'</arg>
</arguments>
<status status="PASS" starttime="20191213 23:05:50.874" endtime="20191213 23:05:50.874"></status>
</kw>
<kw name="Should Be True" library="BuiltIn">
<doc>Fails if the given condition is not true.</doc>
<arguments>
<arg>$result['message']=='必输参数不能为空:{外部子商户号}'</arg>
</arguments>
<status status="PASS" starttime="20191213 23:05:50.875" endtime="20191213 23:05:50.875"></status>
</kw>
<status status="PASS" starttime="20191213 23:05:50.847" endtime="20191213 23:05:50.875" critical="yes"></status>
</test>
<test id="s1-s1-s1-s2-t3" name="校验联系人姓名 - tc00003">
<kw name="Check Link Name" library="pylib.interface.cgt.MchsubCreateLib">
<assign>
<var>${result}</var>
</assign>
<msg timestamp="20191213 23:05:50.897" level="INFO">{'biz_type': 'mchsub.create', 'code': '101', 'mch_no': 'MH20181229115220NBUu', 'message': '必输参数不能为空:{联系人}', 'sign_type': 'MD5', 'timestamp': '20191213110608'}</msg>
<msg timestamp="20191213 23:05:50.897" level="INFO">${result} = {'biz_type': 'mchsub.create', 'code': '101', 'mch_no': 'MH20181229115220NBUu', 'message': '必输参数不能为空:{联系人}', 'sign_type': 'MD5', 'timestamp': '20191213110608'}</msg>
<status status="PASS" starttime="20191213 23:05:50.878" endtime="20191213 23:05:50.897"></status>
</kw>
<kw name="Should Be True" library="BuiltIn">
<doc>Fails if the given condition is not true.</doc>
<arguments>
<arg>$result['code']=='101'</arg>
</arguments>
<status status="PASS" starttime="20191213 23:05:50.898" endtime="20191213 23:05:50.899"></status>
</kw>
<kw name="Should Be True" library="BuiltIn">
<doc>Fails if the given condition is not true.</doc>
<arguments>
<arg>$result['message']=='必输参数不能为空:{联系人}'</arg>
</arguments>
<status status="PASS" starttime="20191213 23:05:50.899" endtime="20191213 23:05:50.900"></status>
</kw>
<status status="PASS" starttime="20191213 23:05:50.876" endtime="20191213 23:05:50.900" critical="yes"></status>
</test>
<test id="s1-s1-s1-s2-t4" name="校验联系人电话 - tc00004">
<kw name="Check Link Phone" library="pylib.interface.cgt.MchsubCreateLib">
<assign>
<var>${result}</var>
</assign>
<msg timestamp="20191213 23:05:50.922" level="INFO">{'biz_type': 'mchsub.create', 'code': '101', 'mch_no': 'MH20181229115220NBUu', 'message': '必输参数不能为空:{联系电话}', 'sign_type': 'MD5', 'timestamp': '20191213110608'}</msg>
<msg timestamp="20191213 23:05:50.922" level="INFO">${result} = {'biz_type': 'mchsub.create', 'code': '101', 'mch_no': 'MH20181229115220NBUu', 'message': '必输参数不能为空:{联系电话}', 'sign_type': 'MD5', 'timestamp': '20191213110608'}</msg>
<status status="PASS" starttime="20191213 23:05:50.902" endtime="20191213 23:05:50.922"></status>
</kw>
<kw name="Should Be True" library="BuiltIn">
<doc>Fails if the given condition is not true.</doc>
<arguments>
<arg>$result['code']=='101'</arg>
</arguments>
<status status="PASS" starttime="20191213 23:05:50.922" endtime="20191213 23:05:50.923"></status>
</kw>
<kw name="Should Be True" library="BuiltIn">
<doc>Fails if the given condition is not true.</doc>
<arguments>
<arg>$result['message']=='必输参数不能为空:{联系电话}'</arg>
</arguments>
<status status="PASS" starttime="20191213 23:05:50.923" endtime="20191213 23:05:50.924"></status>
</kw>
<status status="PASS" starttime="20191213 23:05:50.901" endtime="20191213 23:05:50.924" critical="yes"></status>
</test>
<test id="s1-s1-s1-s2-t5" name="校验联系人邮箱 - tc00005">
<kw name="Check Link Email" library="pylib.interface.cgt.MchsubCreateLib">
<assign>
<var>${result}</var>
</assign>
<msg timestamp="20191213 23:05:50.971" level="INFO">{'biz_content': {'mch_accnt_no': 'T0020191213230608000134', 'out_mch_accnt_no': 'oman123456789'}, 'biz_type': 'mchsub.create', 'code': '0000', 'mch_no': 'MH20181229115220NBUu', 'message': 'success', 'out_trans_no': 'otn20191213230550', 'sign_type': 'MD5', 'timestamp': '20191213110608'}</msg>
<msg timestamp="20191213 23:05:50.971" level="INFO">${result} = {'biz_content': {'mch_accnt_no': 'T0020191213230608000134', 'out_mch_accnt_no': 'oman123456789'}, 'biz_type': 'mchsub.create', 'code': '0000', 'mch_no': 'MH20181229115220NBUu', 'message': 'success', '...</msg>
<status status="PASS" starttime="20191213 23:05:50.926" endtime="20191213 23:05:50.971"></status>
</kw>
<kw name="Should Be True" library="BuiltIn">
<doc>Fails if the given condition is not true.</doc>
<arguments>
<arg>$result['code']=='0000'</arg>
</arguments>
<status status="PASS" starttime="20191213 23:05:50.972" endtime="20191213 23:05:50.972"></status>
</kw>
<kw name="Should Be True" library="BuiltIn">
<doc>Fails if the given condition is not true.</doc>
<arguments>
<arg>$result['message']=='success'</arg>
</arguments>
<status status="PASS" starttime="20191213 23:05:50.973" endtime="20191213 23:05:50.973"></status>
</kw>
<kw name="Delete Sql" library="pylib.public.cgt.DBHelper" type="teardown">
<status status="PASS" starttime="20191213 23:05:50.974" endtime="20191213 23:05:51.043"></status>
</kw>
<status status="PASS" starttime="20191213 23:05:50.925" endtime="20191213 23:05:51.043" critical="yes"></status>
</test>
<test id="s1-s1-s1-s2-t6" name="校验是否开设供应商账户 - tc00006">
<kw name="Check Is Supplier" library="pylib.interface.cgt.MchsubCreateLib">
<assign>
<var>${addResult}</var>
</assign>
<msg timestamp="20191213 23:05:51.117" level="INFO">{'biz_content': {'mch_accnt_no': 'T0020191213230608000135', 'out_mch_accnt_no': 'oman123456789'}, 'biz_type': 'mchsub.create', 'code': '0000', 'mch_no': 'MH20181229115220NBUu', 'message': 'success', 'out_trans_no': 'otn20191213230551', 'sign_type': 'MD5', 'timestamp': '20191213110608'}</msg>
<msg timestamp="20191213 23:05:51.117" level="INFO">${addResult} = {'biz_content': {'mch_accnt_no': 'T0020191213230608000135', 'out_mch_accnt_no': 'oman123456789'}, 'biz_type': 'mchsub.create', 'code': '0000', 'mch_no': 'MH20181229115220NBUu', 'message': 'success', '...</msg>
<status status="PASS" starttime="20191213 23:05:51.046" endtime="20191213 23:05:51.117"></status>
</kw>
<kw name="Should Be True" library="BuiltIn">
<doc>Fails if the given condition is not true.</doc>
<arguments>
<arg>$addResult['code']=='0000'</arg>
</arguments>
<status status="PASS" starttime="20191213 23:05:51.118" endtime="20191213 23:05:51.118"></status>
</kw>
<kw name="Should Be True" library="BuiltIn">
<doc>Fails if the given condition is not true.</doc>
<arguments>
<arg>$addResult['message']=='success'</arg>
</arguments>
<status status="PASS" starttime="20191213 23:05:51.119" endtime="20191213 23:05:51.119"></status>
</kw>
<kw name="Delete Sql" library="pylib.public.cgt.DBHelper" type="teardown">
<status status="PASS" starttime="20191213 23:05:51.120" endtime="20191213 23:05:51.194"></status>
</kw>
<status status="PASS" starttime="20191213 23:05:51.045" endtime="20191213 23:05:51.194" critical="yes"></status>
</test>
<test id="s1-s1-s1-s2-t7" name="校验是否开设担保商账户 - tc00007">
<kw name="Check Is Assure" library="pylib.interface.cgt.MchsubCreateLib">
<assign>
<var>${addResult}</var>
</assign>
<msg timestamp="20191213 23:05:51.325" level="INFO">{'biz_content': {'mch_accnt_no': 'T0020191213230608000136', 'out_mch_accnt_no': 'oman123456789'}, 'biz_type': 'mchsub.create', 'code': '0000', 'mch_no': 'MH20181229115220NBUu', 'message': 'success', 'out_trans_no': 'otn20191213230551', 'sign_type': 'MD5', 'timestamp': '20191213110608'}</msg>
<msg timestamp="20191213 23:05:51.325" level="INFO">${addResult} = {'biz_content': {'mch_accnt_no': 'T0020191213230608000136', 'out_mch_accnt_no': 'oman123456789'}, 'biz_type': 'mchsub.create', 'code': '0000', 'mch_no': 'MH20181229115220NBUu', 'message': 'success', '...</msg>
<status status="PASS" starttime="20191213 23:05:51.198" endtime="20191213 23:05:51.325"></status>
</kw>
<kw name="Should Be True" library="BuiltIn">
<doc>Fails if the given condition is not true.</doc>
<arguments>
<arg>$addResult['code']=='0000'</arg>
</arguments>
<status status="PASS" starttime="20191213 23:05:51.327" endtime="20191213 23:05:51.327"></status>
</kw>
<kw name="Should Be True" library="BuiltIn">
<doc>Fails if the given condition is not true.</doc>
<arguments>
<arg>$addResult['message']=='success'</arg>
</arguments>
<status status="PASS" starttime="20191213 23:05:51.327" endtime="20191213 23:05:51.328"></status>
</kw>
<kw name="Delete Sql" library="pylib.public.cgt.DBHelper" type="teardown">
<status status="PASS" starttime="20191213 23:05:51.328" endtime="20191213 23:05:51.394"></status>
</kw>
<status status="PASS" starttime="20191213 23:05:51.196" endtime="20191213 23:05:51.395" critical="yes"></status>
</test>
<test id="s1-s1-s1-s2-t8" name="创建子商户 - tc00008">
<kw name="Get Response Mchsub Create" library="pylib.interface.cgt.MchsubCreateLib">
<doc>获取子商户创建的返回值
:param mch_accnt_name:子商户名称
:param out_mch_accnt_no:外部子商户号
:param link_name:联系人姓名
:param link_phone:联系人电话
:param link_email:联系人邮箱
:param is_supplier:是否是供应商子账户Y/N（如果是，则开设供应商子账户+供应商待结算子账户；如果否，则开设为普通子商户账户）是否是供应商子账户Y/N（如果是，则开设供应商子账户+供应商待结算子账户；如果否，则开设为普通子商户账户）
:param is_assure:是否开启担保账户Y/N（如果是，则开设普通子商户账户+担保子账户；如果否，则开设为普通子商户账户）
:return:返回一个子商户创建接口的返回报文</doc>
<arguments>
<arg>yxj</arg>
<arg>oman123456789</arg>
<arg>yxj</arg>
<arg>13989353209</arg>
<arg>2451255827@qq.com</arg>
</arguments>
<assign>
<var>${addResult}</var>
</assign>
<msg timestamp="20191213 23:05:51.446" level="INFO">{'biz_content': {'mch_accnt_no': 'T0020191213230608000137', 'out_mch_accnt_no': 'oman123456789'}, 'biz_type': 'mchsub.create', 'code': '0000', 'mch_no': 'MH20181229115220NBUu', 'message': 'success', 'out_trans_no': 'otn20191213230551', 'sign_type': 'MD5', 'timestamp': '20191213110608'}</msg>
<msg timestamp="20191213 23:05:51.446" level="INFO">${addResult} = {'biz_content': {'mch_accnt_no': 'T0020191213230608000137', 'out_mch_accnt_no': 'oman123456789'}, 'biz_type': 'mchsub.create', 'code': '0000', 'mch_no': 'MH20181229115220NBUu', 'message': 'success', '...</msg>
<status status="PASS" starttime="20191213 23:05:51.396" endtime="20191213 23:05:51.446"></status>
</kw>
<kw name="Should Be True" library="BuiltIn">
<doc>Fails if the given condition is not true.</doc>
<arguments>
<arg>$addResult['code']=='0000'</arg>
</arguments>
<status status="PASS" starttime="20191213 23:05:51.447" endtime="20191213 23:05:51.447"></status>
</kw>
<kw name="Should Be True" library="BuiltIn">
<doc>Fails if the given condition is not true.</doc>
<arguments>
<arg>$addResult['message']=='success'</arg>
</arguments>
<status status="PASS" starttime="20191213 23:05:51.448" endtime="20191213 23:05:51.448"></status>
</kw>
<kw name="Delete Sql" library="pylib.public.cgt.DBHelper" type="teardown">
<status status="PASS" starttime="20191213 23:05:51.449" endtime="20191213 23:05:51.522"></status>
</kw>
<status status="PASS" starttime="20191213 23:05:51.396" endtime="20191213 23:05:51.523" critical="yes"></status>
</test>
<test id="s1-s1-s1-s2-t9" name="再次创建子商户 - tc00009">
<kw name="Get Response Mchsub Create" library="pylib.interface.cgt.MchsubCreateLib">
<doc>获取子商户创建的返回值
:param mch_accnt_name:子商户名称
:param out_mch_accnt_no:外部子商户号
:param link_name:联系人姓名
:param link_phone:联系人电话
:param link_email:联系人邮箱
:param is_supplier:是否是供应商子账户Y/N（如果是，则开设供应商子账户+供应商待结算子账户；如果否，则开设为普通子商户账户）是否是供应商子账户Y/N（如果是，则开设供应商子账户+供应商待结算子账户；如果否，则开设为普通子商户账户）
:param is_assure:是否开启担保账户Y/N（如果是，则开设普通子商户账户+担保子账户；如果否，则开设为普通子商户账户）
:return:返回一个子商户创建接口的返回报文</doc>
<arguments>
<arg>yxj</arg>
<arg>oman123456789</arg>
<arg>yxj</arg>
<arg>13989353209</arg>
<arg>2451255827@qq.com</arg>
</arguments>
<assign>
<var>${addResult}</var>
</assign>
<msg timestamp="20191213 23:05:51.559" level="INFO">{'biz_content': {'mch_accnt_no': 'T0020191213230608000138', 'out_mch_accnt_no': 'oman123456789'}, 'biz_type': 'mchsub.create', 'code': '0000', 'mch_no': 'MH20181229115220NBUu', 'message': 'success', 'out_trans_no': 'otn20191213230551', 'sign_type': 'MD5', 'timestamp': '20191213110608'}</msg>
<msg timestamp="20191213 23:05:51.559" level="INFO">${addResult} = {'biz_content': {'mch_accnt_no': 'T0020191213230608000138', 'out_mch_accnt_no': 'oman123456789'}, 'biz_type': 'mchsub.create', 'code': '0000', 'mch_no': 'MH20181229115220NBUu', 'message': 'success', '...</msg>
<status status="PASS" starttime="20191213 23:05:51.524" endtime="20191213 23:05:51.559"></status>
</kw>
<kw name="Should Be True" library="BuiltIn">
<doc>Fails if the given condition is not true.</doc>
<arguments>
<arg>$addResult['code']=='0000'</arg>
</arguments>
<status status="PASS" starttime="20191213 23:05:51.560" endtime="20191213 23:05:51.560"></status>
</kw>
<kw name="Should Be True" library="BuiltIn">
<doc>Fails if the given condition is not true.</doc>
<arguments>
<arg>$addResult['message']=='success'</arg>
</arguments>
<status status="PASS" starttime="20191213 23:05:51.561" endtime="20191213 23:05:51.561"></status>
</kw>
<kw name="Delete Sql" library="pylib.public.cgt.DBHelper" type="teardown">
<status status="PASS" starttime="20191213 23:05:51.562" endtime="20191213 23:05:51.666"></status>
</kw>
<status status="PASS" starttime="20191213 23:05:51.523" endtime="20191213 23:05:51.667" critical="yes"></status>
</test>
<test id="s1-s1-s1-s2-t10" name="再次创建(外部子商户相同) - tc00010">
<kw name="Out Mch Accnt No Repeat" library="pylib.interface.cgt.MchsubCreateLib">
<assign>
<var>${addResult}</var>
</assign>
<msg timestamp="20191213 23:05:51.719" level="INFO">{'biz_content': {'mch_accnt_no': 'T0020191213230609000139', 'out_mch_accnt_no': 'oman123456789'}, 'biz_type': 'mchsub.create', 'code': '0000', 'mch_no': 'MH20181229115220NBUu', 'message': 'success', 'out_trans_no': 'otn20191213230551', 'sign_type': 'MD5', 'timestamp': '20191213110609'}</msg>
<msg timestamp="20191213 23:05:51.719" level="INFO">${addResult} = {'biz_content': {'mch_accnt_no': 'T0020191213230609000139', 'out_mch_accnt_no': 'oman123456789'}, 'biz_type': 'mchsub.create', 'code': '0000', 'mch_no': 'MH20181229115220NBUu', 'message': 'success', '...</msg>
<status status="PASS" starttime="20191213 23:05:51.668" endtime="20191213 23:05:51.719"></status>
</kw>
<kw name="Should Be True" library="BuiltIn">
<doc>Fails if the given condition is not true.</doc>
<arguments>
<arg>$addResult['code']=='0000'</arg>
</arguments>
<status status="PASS" starttime="20191213 23:05:51.719" endtime="20191213 23:05:51.720"></status>
</kw>
<kw name="Should Be True" library="BuiltIn">
<doc>Fails if the given condition is not true.</doc>
<arguments>
<arg>$addResult['message']=='success'</arg>
</arguments>
<status status="PASS" starttime="20191213 23:05:51.720" endtime="20191213 23:05:51.721"></status>
</kw>
<kw name="Out Mch Accnt No Repeat" library="pylib.interface.cgt.MchsubCreateLib">
<assign>
<var>${addResult}</var>
</assign>
<msg timestamp="20191213 23:05:51.752" level="INFO">{'biz_content': {'mch_accnt_no': 'T0020191213230609000139', 'out_mch_accnt_no': 'oman123456789'}, 'biz_type': 'mchsub.create', 'code': '205', 'mch_no': 'MH20181229115220NBUu', 'message': '外部子商户号重复', 'out_trans_no': 'otn20191213230551', 'sign_type': 'MD5', 'timestamp': '20191213110609'}</msg>
<msg timestamp="20191213 23:05:51.752" level="INFO">${addResult} = {'biz_content': {'mch_accnt_no': 'T0020191213230609000139', 'out_mch_accnt_no': 'oman123456789'}, 'biz_type': 'mchsub.create', 'code': '205', 'mch_no': 'MH20181229115220NBUu', 'message': '外部子商户号重复', '...</msg>
<status status="PASS" starttime="20191213 23:05:51.721" endtime="20191213 23:05:51.752"></status>
</kw>
<kw name="Should Be True" library="BuiltIn">
<doc>Fails if the given condition is not true.</doc>
<arguments>
<arg>$addResult['code']=='205'</arg>
</arguments>
<status status="PASS" starttime="20191213 23:05:51.753" endtime="20191213 23:05:51.753"></status>
</kw>
<kw name="Should Be True" library="BuiltIn">
<doc>Fails if the given condition is not true.</doc>
<arguments>
<arg>$addResult['message']=='外部子商户号重复'</arg>
</arguments>
<status status="PASS" starttime="20191213 23:05:51.754" endtime="20191213 23:05:51.754"></status>
</kw>
<kw name="Delete Sql" library="pylib.public.cgt.DBHelper" type="teardown">
<status status="PASS" starttime="20191213 23:05:51.755" endtime="20191213 23:05:51.824"></status>
</kw>
<status status="PASS" starttime="20191213 23:05:51.667" endtime="20191213 23:05:51.825" critical="yes"></status>
</test>
<status status="PASS" starttime="20191213 23:05:50.814" endtime="20191213 23:05:51.826"></status>
</suite>
<status status="PASS" starttime="20191213 23:05:41.938" endtime="20191213 23:05:51.828"></status>
</suite>
<status status="PASS" starttime="20191213 23:05:41.936" endtime="20191213 23:05:51.832"></status>
</suite>
<status status="PASS" starttime="20191213 23:05:41.919" endtime="20191213 23:05:51.837"></status>
</suite>
<statistics>
<total>
<stat pass="23" fail="0">Critical Tests</stat>
<stat pass="23" fail="0">All Tests</stat>
</total>
<tag>
</tag>
<suite>
<stat pass="23" fail="0" id="s1" name="Cgttc">Cgttc</stat>
<stat pass="23" fail="0" id="s1-s1" name="Data-空白数据">Cgttc.Data-空白数据</stat>
<stat pass="23" fail="0" id="s1-s1-s1" name="子商户">Cgttc.Data-空白数据.子商户</stat>
<stat pass="13" fail="0" id="s1-s1-s1-s1" name="子商户修改">Cgttc.Data-空白数据.子商户.子商户修改</stat>
<stat pass="10" fail="0" id="s1-s1-s1-s2" name="子商户创建">Cgttc.Data-空白数据.子商户.子商户创建</stat>
</suite>
</statistics>
<errors>
</errors>
</robot>
