<?xml version="1.0" encoding="UTF-8"?>
<robot generator="Robot 3.1.2 (Python 3.8.0 on win32)" generated="20191219 18:40:42.021" rpa="false">
<suite id="s1" name="Cgttc" source="D:\workfile\Git\cgtapi\cgttc">
<suite id="s1-s1" name="Data-空白数据" source="D:\workfile\Git\cgtapi\cgttc\data-空白数据">
<suite id="s1-s1-s1" name="绑定银行卡" source="D:\workfile\Git\cgtapi\cgttc\data-空白数据\绑定银行卡">
<suite id="s1-s1-s1-s1" name="绑定银行卡(对私)" source="D:\workfile\Git\cgtapi\cgttc\data-空白数据\绑定银行卡\绑定银行卡(对私).robot">
<test id="s1-s1-s1-s1-t1" name="authen_type为空 - tc00166">
<kw name="Sleep" library="BuiltIn">
<doc>Pauses the test executed for the given time.</doc>
<arguments>
<arg>1s</arg>
</arguments>
<msg timestamp="20191219 18:40:43.163" level="INFO">Slept 1 second</msg>
<status status="PASS" starttime="20191219 18:40:42.162" endtime="20191219 18:40:43.163"></status>
</kw>
<kw name="Mchsub Create Out Mch Accnt No Not Repeat" library="pylib.interface.cgt.MchsubCreateLib">
<assign>
<var>${result}</var>
</assign>
<msg timestamp="20191219 18:40:43.198" level="INFO">{'biz_content': {'mch_accnt_no': 'T0020191219184043000188', 'out_mch_accnt_no': 'oman20191219184043'}, 'biz_type': 'mchsub.create', 'code': '0000', 'mch_no': 'MH20181229115220NBUu', 'message': 'success', 'out_trans_no': 'otn20191219184043', 'sign_type': 'MD5', 'timestamp': '20191219064043'}</msg>
<msg timestamp="20191219 18:40:43.198" level="INFO">${result} = {'biz_content': {'mch_accnt_no': 'T0020191219184043000188', 'out_mch_accnt_no': 'oman20191219184043'}, 'biz_type': 'mchsub.create', 'code': '0000', 'mch_no': 'MH20181229115220NBUu', 'message': 'succes...</msg>
<status status="PASS" starttime="20191219 18:40:43.164" endtime="20191219 18:40:43.198"></status>
</kw>
<kw name="Should Be True" library="BuiltIn">
<doc>Fails if the given condition is not true.</doc>
<arguments>
<arg>$result['code']=='0000'</arg>
</arguments>
<status status="PASS" starttime="20191219 18:40:43.198" endtime="20191219 18:40:43.202"></status>
</kw>
<kw name="Should Be True" library="BuiltIn">
<doc>Fails if the given condition is not true.</doc>
<arguments>
<arg>$result['message']=='success'</arg>
</arguments>
<status status="PASS" starttime="20191219 18:40:43.202" endtime="20191219 18:40:43.203"></status>
</kw>
<kw name="Set Variable" library="BuiltIn">
<doc>Returns the given values which can then be assigned to a variables.</doc>
<arguments>
<arg>&amp;{result}[biz_content]</arg>
</arguments>
<assign>
<var>${biz_content}</var>
</assign>
<msg timestamp="20191219 18:40:43.204" level="INFO">${biz_content} = {'mch_accnt_no': 'T0020191219184043000188', 'out_mch_accnt_no': 'oman20191219184043'}</msg>
<status status="PASS" starttime="20191219 18:40:43.203" endtime="20191219 18:40:43.204"></status>
</kw>
<kw name="Set Variable" library="BuiltIn">
<doc>Returns the given values which can then be assigned to a variables.</doc>
<arguments>
<arg>&amp;{biz_content}[mch_accnt_no]</arg>
</arguments>
<assign>
<var>${mch_accnt_no}</var>
</assign>
<msg timestamp="20191219 18:40:43.204" level="INFO">${mch_accnt_no} = T0020191219184043000188</msg>
<status status="PASS" starttime="20191219 18:40:43.204" endtime="20191219 18:40:43.204"></status>
</kw>
<kw name="Update Amount Sql" library="pylib.public.cgt.DBHelper">
<arguments>
<arg>100000</arg>
<arg>100000</arg>
<arg>${mch_accnt_no}</arg>
</arguments>
<assign>
<var>${sql_amount}</var>
</assign>
<msg timestamp="20191219 18:40:43.242" level="INFO">UPDATE mch_accnt SET remain_amt = '100000', settled_amount = '100000' WHERE mch_no = 'MH20181229115220NBUu' And mch_accnt_no = 'T0020191219184043000188'
数据库修改状态成功！</msg>
<msg timestamp="20191219 18:40:43.242" level="INFO">${sql_amount} = 1</msg>
<status status="PASS" starttime="20191219 18:40:43.204" endtime="20191219 18:40:43.242"></status>
</kw>
<kw name="Check Authen Type Bind Bankcard Private" library="pylib.interface.cgt.MchsubBindBankcardPrivateLib">
<arguments>
<arg>${mch_accnt_no}</arg>
<arg>1</arg>
<arg>6217866300004303385</arg>
<arg>中国银行</arg>
<arg>中国银行支行</arg>
<arg>余道友</arg>
<arg>18158857961</arg>
<arg>http://172.16.202.160:3054/api/bankcard/notify.htm</arg>
<arg>0</arg>
<arg>342423196910292879</arg>
<arg>0</arg>
<arg>104100000004</arg>
<arg>123</arg>
<arg>2100-01-01</arg>
</arguments>
<assign>
<var>${result2}</var>
</assign>
<msg timestamp="20191219 18:40:43.874" level="INFO">{'biz_content': {'card_no': '6217866300004303385', 'mch_accnt_no': 'T0020191219184043000188', 'remark': '绑卡成功', 'status': 'success'}, 'biz_type': 'mchsub.bind.bankcard', 'code': '0000', 'mch_no': 'MH20181229115220NBUu', 'message': 'success', 'out_trans_no': 'otn20191219184043', 'sign_type': 'MD5', 'timestamp': '20191219064043'}</msg>
<msg timestamp="20191219 18:40:43.875" level="INFO">${result2} = {'biz_content': {'card_no': '6217866300004303385', 'mch_accnt_no': 'T0020191219184043000188', 'remark': '绑卡成功', 'status': 'success'}, 'biz_type': 'mchsub.bind.bankcard', 'code': '0000', 'mch_no': 'MH2...</msg>
<status status="PASS" starttime="20191219 18:40:43.243" endtime="20191219 18:40:43.875"></status>
</kw>
<kw name="Should Be True" library="BuiltIn">
<doc>Fails if the given condition is not true.</doc>
<arguments>
<arg>$result2['code']=='0000'</arg>
</arguments>
<status status="PASS" starttime="20191219 18:40:43.875" endtime="20191219 18:40:43.875"></status>
</kw>
<kw name="Should Be True" library="BuiltIn">
<doc>Fails if the given condition is not true.</doc>
<arguments>
<arg>$result2['message']=='success'</arg>
</arguments>
<status status="PASS" starttime="20191219 18:40:43.875" endtime="20191219 18:40:43.875"></status>
</kw>
<kw name="Set Variable" library="BuiltIn">
<doc>Returns the given values which can then be assigned to a variables.</doc>
<arguments>
<arg>&amp;{result2}[biz_content]</arg>
</arguments>
<assign>
<var>${biz_content2}</var>
</assign>
<msg timestamp="20191219 18:40:43.876" level="INFO">${biz_content2} = {'card_no': '6217866300004303385', 'mch_accnt_no': 'T0020191219184043000188', 'remark': '绑卡成功', 'status': 'success'}</msg>
<status status="PASS" starttime="20191219 18:40:43.875" endtime="20191219 18:40:43.876"></status>
</kw>
<kw name="Set Variable" library="BuiltIn">
<doc>Returns the given values which can then be assigned to a variables.</doc>
<arguments>
<arg>&amp;{biz_content2}[card_no]</arg>
</arguments>
<assign>
<var>${card_no}</var>
</assign>
<msg timestamp="20191219 18:40:43.876" level="INFO">${card_no} = 6217866300004303385</msg>
<status status="PASS" starttime="20191219 18:40:43.876" endtime="20191219 18:40:43.876"></status>
</kw>
<kw name="Set Variable" library="BuiltIn">
<doc>Returns the given values which can then be assigned to a variables.</doc>
<arguments>
<arg>&amp;{biz_content2}[remark]</arg>
</arguments>
<assign>
<var>${remark}</var>
</assign>
<msg timestamp="20191219 18:40:43.876" level="INFO">${remark} = 绑卡成功</msg>
<status status="PASS" starttime="20191219 18:40:43.876" endtime="20191219 18:40:43.876"></status>
</kw>
<kw name="Set Variable" library="BuiltIn">
<doc>Returns the given values which can then be assigned to a variables.</doc>
<arguments>
<arg>&amp;{biz_content2}[status]</arg>
</arguments>
<assign>
<var>${status}</var>
</assign>
<msg timestamp="20191219 18:40:43.877" level="INFO">${status} = success</msg>
<status status="PASS" starttime="20191219 18:40:43.876" endtime="20191219 18:40:43.877"></status>
</kw>
<kw name="Should Be True" library="BuiltIn">
<doc>Fails if the given condition is not true.</doc>
<arguments>
<arg>$remark=='绑卡成功'</arg>
</arguments>
<status status="PASS" starttime="20191219 18:40:43.877" endtime="20191219 18:40:43.877"></status>
</kw>
<kw name="Should Be True" library="BuiltIn">
<doc>Fails if the given condition is not true.</doc>
<arguments>
<arg>$status=='success'</arg>
</arguments>
<status status="PASS" starttime="20191219 18:40:43.877" endtime="20191219 18:40:43.879"></status>
</kw>
<status status="PASS" starttime="20191219 18:40:42.162" endtime="20191219 18:40:43.879" critical="yes"></status>
</test>
<status status="PASS" starttime="20191219 18:40:42.045" endtime="20191219 18:40:43.879"></status>
</suite>
<status status="PASS" starttime="20191219 18:40:42.044" endtime="20191219 18:40:43.881"></status>
</suite>
<status status="PASS" starttime="20191219 18:40:42.040" endtime="20191219 18:40:43.883"></status>
</suite>
<status status="PASS" starttime="20191219 18:40:42.023" endtime="20191219 18:40:43.884"></status>
</suite>
<statistics>
<total>
<stat pass="1" fail="0">Critical Tests</stat>
<stat pass="1" fail="0">All Tests</stat>
</total>
<tag>
</tag>
<suite>
<stat pass="1" fail="0" id="s1" name="Cgttc">Cgttc</stat>
<stat pass="1" fail="0" id="s1-s1" name="Data-空白数据">Cgttc.Data-空白数据</stat>
<stat pass="1" fail="0" id="s1-s1-s1" name="绑定银行卡">Cgttc.Data-空白数据.绑定银行卡</stat>
<stat pass="1" fail="0" id="s1-s1-s1-s1" name="绑定银行卡(对私)">Cgttc.Data-空白数据.绑定银行卡.绑定银行卡(对私)</stat>
</suite>
</statistics>
<errors>
</errors>
</robot>
