<?xml version="1.0" encoding="UTF-8"?>
<robot generator="Robot 3.1.2 (Python 3.8.0 on win32)" generated="20191216 11:36:57.634" rpa="false">
<suite id="s1" name="Cgttc" source="D:\workfile\Git\cgtapi\cgttc">
<suite id="s1-s1" name="Data-空白数据" source="D:\workfile\Git\cgtapi\cgttc\data-空白数据">
<suite id="s1-s1-s1" name="往账请求" source="D:\workfile\Git\cgtapi\cgttc\data-空白数据\往账请求">
<suite id="s1-s1-s1-s1" name="往账请求" source="D:\workfile\Git\cgtapi\cgttc\data-空白数据\往账请求\往账请求.robot">
<test id="s1-s1-s1-s1-t1" name="正常请求往账接口 -tc00100">
<kw name="Mchsub Create Out Mch Accnt No Not Repeat" library="pylib.interface.cgt.MchsubCreateLib">
<assign>
<var>${result}</var>
</assign>
<msg timestamp="20191216 11:36:59.764" level="FAIL">ConnectionError: HTTPConnectionPool(host='172.16.202.160', port=3054): Max retries exceeded with url: /api/deposit.htm (Caused by NewConnectionError('&lt;urllib3.connection.HTTPConnection object at 0x00000204EA04C160&gt;: Failed to establish a new connection: [WinError 10061] 由于目标计算机积极拒绝，无法连接。'))</msg>
<status status="FAIL" starttime="20191216 11:36:57.731" endtime="20191216 11:36:59.764"></status>
</kw>
<status status="FAIL" starttime="20191216 11:36:57.730" endtime="20191216 11:36:59.765" critical="yes">ConnectionError: HTTPConnectionPool(host='172.16.202.160', port=3054): Max retries exceeded with url: /api/deposit.htm (Caused by NewConnectionError('&lt;urllib3.connection.HTTPConnection object at 0x00000204EA04C160&gt;: Failed to establish a new connection: [WinError 10061] 由于目标计算机积极拒绝，无法连接。'))</status>
</test>
<status status="FAIL" starttime="20191216 11:36:57.656" endtime="20191216 11:36:59.767"></status>
</suite>
<status status="FAIL" starttime="20191216 11:36:57.654" endtime="20191216 11:36:59.770"></status>
</suite>
<status status="FAIL" starttime="20191216 11:36:57.652" endtime="20191216 11:36:59.772"></status>
</suite>
<status status="FAIL" starttime="20191216 11:36:57.635" endtime="20191216 11:36:59.774"></status>
</suite>
<statistics>
<total>
<stat pass="0" fail="1">Critical Tests</stat>
<stat pass="0" fail="1">All Tests</stat>
</total>
<tag>
</tag>
<suite>
<stat pass="0" fail="1" id="s1" name="Cgttc">Cgttc</stat>
<stat pass="0" fail="1" id="s1-s1" name="Data-空白数据">Cgttc.Data-空白数据</stat>
<stat pass="0" fail="1" id="s1-s1-s1" name="往账请求">Cgttc.Data-空白数据.往账请求</stat>
<stat pass="0" fail="1" id="s1-s1-s1-s1" name="往账请求">Cgttc.Data-空白数据.往账请求.往账请求</stat>
</suite>
</statistics>
<errors>
</errors>
</robot>
