<?xml version="1.0" encoding="UTF-8"?>
<robot generator="Robot 3.1.2 (Python 3.8.0 on win32)" generated="20191225 18:29:35.193" rpa="false">
<suite id="s1" name="Cgttc" source="D:\workfile\Git\cgtapi\cgttc">
<suite id="s1-s1" name="Data-空白数据" source="D:\workfile\Git\cgtapi\cgttc\data-空白数据">
<suite id="s1-s1-s1" name="商户支付记账" source="D:\workfile\Git\cgtapi\cgttc\data-空白数据\商户支付记账">
<suite id="s1-s1-s1-s1" name="商户支付记账" source="D:\workfile\Git\cgtapi\cgttc\data-空白数据\商户支付记账\商户支付记账.robot">
<test id="s1-s1-s1-s1-t1" name="结算周期为T1 tc00372">
<kw name="Mchsub Create Out Mch Accnt No Not Repeat" library="pylib.interface.cgt.MchsubCreateLib">
<assign>
<var>${result}</var>
</assign>
<msg timestamp="20191225 18:30:06.524" level="FAIL">ConnectionError: HTTPConnectionPool(host='172.16.202.163', port=3054): Max retries exceeded with url: /api/deposit.htm (Caused by NewConnectionError('&lt;urllib3.connection.HTTPConnection object at 0x000002F8F754C070&gt;: Failed to establish a new connection: [WinError 10060] 由于连接方在一段时间后没有正确答复或连接的主机没有反应，连接尝试失败。'))</msg>
<status status="FAIL" starttime="20191225 18:29:45.383" endtime="20191225 18:30:06.525"></status>
</kw>
<status status="FAIL" starttime="20191225 18:29:45.383" endtime="20191225 18:30:06.525" critical="yes">ConnectionError: HTTPConnectionPool(host='172.16.202.163', port=3054): Max retries exceeded with url: /api/deposit.htm (Caused by NewConnectionError('&lt;urllib3.connection.HTTPConnection object at 0x000002F8F754C070&gt;: Failed to establish a new connection: [WinError 10060] 由于连接方在一段时间后没有正确答复或连接的主机没有反应，连接尝试失败。'))</status>
</test>
<status status="FAIL" starttime="20191225 18:29:35.217" endtime="20191225 18:30:06.528"></status>
</suite>
<status status="FAIL" starttime="20191225 18:29:35.216" endtime="20191225 18:30:06.531"></status>
</suite>
<status status="FAIL" starttime="20191225 18:29:35.212" endtime="20191225 18:30:06.532"></status>
</suite>
<status status="FAIL" starttime="20191225 18:29:35.194" endtime="20191225 18:30:06.534"></status>
</suite>
<statistics>
<total>
<stat pass="0" fail="1">Critical Tests</stat>
<stat pass="0" fail="1">All Tests</stat>
</total>
<tag>
</tag>
<suite>
<stat pass="0" fail="1" id="s1" name="Cgttc">Cgttc</stat>
<stat pass="0" fail="1" id="s1-s1" name="Data-空白数据">Cgttc.Data-空白数据</stat>
<stat pass="0" fail="1" id="s1-s1-s1" name="商户支付记账">Cgttc.Data-空白数据.商户支付记账</stat>
<stat pass="0" fail="1" id="s1-s1-s1-s1" name="商户支付记账">Cgttc.Data-空白数据.商户支付记账.商户支付记账</stat>
</suite>
</statistics>
<errors>
</errors>
</robot>
